
!!! HIT tag=2550 vp=2550x1438 gap=140 url=/coach/gaps
probe {"raw":21167,"eff":0,"kids":1,"h":8378,"inner":294025}
last steps: click /coach/roster | +140ms click /coach/gaps
errors: PAGEERROR: Minified React error #425; visit https://react.dev/errors/425 for the full message or use the non-minified dev environment for full errors and additional helpful warnings. || PAGEERROR: Minified React error #422; visit https://react.dev/errors/422 for the full message or use the non-minified dev environment for full errors and additional helpful warnings.

!!! HIT tag=2550 vp=2550x1438 gap=200 url=/coach/gaps
probe {"raw":21167,"eff":0,"kids":1,"h":8378,"inner":294025}
last steps: click /coach/roster | +200ms click /coach/gaps
errors: PAGEERROR: Minified React error #425; visit https://react.dev/errors/425 for the full message or use the non-minified dev environment for full errors and additional helpful warnings. || PAGEERROR: Minified React error #422; visit https://react.dev/errors/422 for the full message or use the non-minified dev environment for full errors and additional helpful warnings.

!!! HIT tag=2550 vp=2550x1438 gap=60 url=/coach/gaps
probe {"raw":21167,"eff":0,"kids":1,"h":8378,"inner":294025}
last steps: click /coach/roster | +60ms click /coach/gaps
errors: PAGEERROR: Minified React error #425; visit https://react.dev/errors/425 for the full message or use the non-minified dev environment for full errors and additional helpful warnings. || PAGEERROR: Minified React error #422; visit https://react.dev/errors/422 for the full message or use the non-minified dev environment for full errors and additional helpful warnings.

!!! HIT tag=2550 vp=2550x1438 gap=320 url=/coach/gaps
probe {"raw":21167,"eff":0,"kids":1,"h":8378,"inner":294025}
last steps: click /coach/roster | +320ms click /coach/gaps
errors: PAGEERROR: Minified React error #425; visit https://react.dev/errors/425 for the full message or use the non-minified dev environment for full errors and additional helpful warnings. || PAGEERROR: Minified React error #422; visit https://react.dev/errors/422 for the full message or use the non-minified dev environment for full errors and additional helpful warnings.

!!! HIT tag=2550 vp=2550x1438 gap=270 url=/coach/gaps
probe {"raw":21167,"eff":0,"kids":1,"h":8378,"inner":294025}
last steps: click /coach/roster | +270ms click /coach/gaps
errors: PAGEERROR: Minified React error #425; visit https://react.dev/errors/425 for the full message or use the non-minified dev environment for full errors and additional helpful warnings. || PAGEERROR: Minified React error #422; visit https://react.dev/errors/422 for the full message or use the non-minified dev environment for full errors and additional helpful warnings.

!!! HIT tag=2550 vp=2550x1438 gap=10 url=/coach/gaps
probe {"raw":21167,"eff":0,"kids":1,"h":8378,"inner":294025}
last steps: click /coach/roster | +10ms click /coach/gaps
errors: PAGEERROR: Minified React error #425; visit https://react.dev/errors/425 for the full message or use the non-minified dev environment for full errors and additional helpful warnings. || PAGEERROR: Minified React error #422; visit https://react.dev/errors/422 for the full message or use the non-minified dev environment for full errors and additional helpful warnings.
2550 done, found=6

!!! HIT tag=3440 vp=3440x1440 gap=10 url=/coach/gaps
probe {"raw":21167,"eff":0,"kids":1,"h":8378,"inner":294025}
last steps: click /coach/roster | +10ms click /coach/gaps
errors: PAGEERROR: Minified React error #425; visit https://react.dev/errors/425 for the full message or use the non-minified dev environment for full errors and additional helpful warnings. || PAGEERROR: Minified React error #422; visit https://react.dev/errors/422 for the full message or use the non-minified dev environment for full errors and additional helpful warnings.

!!! HIT tag=3440 vp=3440x1440 gap=140 url=/coach/gaps
probe {"raw":21167,"eff":0,"kids":1,"h":8378,"inner":294025}
last steps: click /coach/roster | +140ms click /coach/gaps
errors: PAGEERROR: Minified React error #425; visit https://react.dev/errors/425 for the full message or use the non-minified dev environment for full errors and additional helpful warnings. || PAGEERROR: Minified React error #422; visit https://react.dev/errors/422 for the full message or use the non-minified dev environment for full errors and additional helpful warnings.

!!! HIT tag=3440 vp=3440x1440 gap=60 url=/coach/gaps
probe {"raw":21167,"eff":0,"kids":1,"h":8378,"inner":294025}
last steps: click /coach/roster | +60ms click /coach/gaps
errors: PAGEERROR: Minified React error #425; visit https://react.dev/errors/425 for the full message or use the non-minified dev environment for full errors and additional helpful warnings. || PAGEERROR: Minified React error #422; visit https://react.dev/errors/422 for the full message or use the non-minified dev environment for full errors and additional helpful warnings.

!!! HIT tag=3440 vp=3440x1440 gap=200 url=/coach/gaps
probe {"raw":21167,"eff":0,"kids":1,"h":8378,"inner":294025}
last steps: click /coach/roster | +200ms click /coach/gaps
errors: PAGEERROR: Minified React error #425; visit https://react.dev/errors/425 for the full message or use the non-minified dev environment for full errors and additional helpful warnings. || PAGEERROR: Minified React error #422; visit https://react.dev/errors/422 for the full message or use the non-minified dev environment for full errors and additional helpful warnings.

!!! HIT tag=3440 vp=3440x1440 gap=270 url=/coach/gaps
probe {"raw":21167,"eff":0,"kids":1,"h":8378,"inner":294025}
last steps: click /coach/roster | +270ms click /coach/gaps
errors: PAGEERROR: Minified React error #425; visit https://react.dev/errors/425 for the full message or use the non-minified dev environment for full errors and additional helpful warnings. || PAGEERROR: Minified React error #422; visit https://react.dev/errors/422 for the full message or use the non-minified dev environment for full errors and additional helpful warnings.

!!! HIT tag=3440 vp=3440x1440 gap=320 url=/coach/gaps
probe {"raw":21167,"eff":0,"kids":1,"h":8378,"inner":294025}
last steps: click /coach/roster | +320ms click /coach/gaps
errors: PAGEERROR: Minified React error #425; visit https://react.dev/errors/425 for the full message or use the non-minified dev environment for full errors and additional helpful warnings. || PAGEERROR: Minified React error #422; visit https://react.dev/errors/422 for the full message or use the non-minified dev environment for full errors and additional helpful warnings.
3440 done, found=12
