[0] url=/coach/order main=3872 findings=0 errs=3 net=5
[25] url=/swarm main=2565 findings=0 errs=3 net=14
[50] url=/coach main=5960 findings=0 errs=3 net=14
[75] url=/portal/protocol main=4997 findings=0 errs=3 net=14
[100] url=/coach main=5960 findings=0 errs=3 net=17
[125] url=/coach main=5960 findings=0 errs=3 net=22
[150] url=/settings main=7066 findings=0 errs=3 net=28
[175] url=/portal main=5969 findings=0 errs=3 net=28
[200] url=/portal/book-visit main=3533 findings=0 errs=3 net=28
[225] url=/coach/subscriptions main=7684 findings=0 errs=3 net=28
[250] url=/agent main=767 findings=0 errs=3 net=28
[275] url=/portal main=5969 findings=0 errs=3 net=40
[300] url=/clinic main=4720 findings=0 errs=3 net=40
[325] url=/portal/journal main=4978 findings=0 errs=3 net=40
[350] url=/coach main=5960 findings=0 errs=3 net=40
[375] url=/portal/protocol main=4997 findings=0 errs=3 net=40
=== DONE steps=400 findings=0
ERRORS SEEN: [
  "CONSOLE: Failed to load resource: the server responded with a status of 404 ()",
  "PAGEERROR: Minified React error #425; visit https://react.dev/errors/425 for the full message or use the non-minified dev environment for full errors and additional helpful warnings.",
  "PAGEERROR: Minified React error #422; visit https://react.dev/errors/422 for the full message or use the non-minified dev environment for full errors and additional helpful warnings."
]
NET PROBLEMS: [
  "FAILED /clients/c-023?_rsc=1k2so net::ERR_ABORTED",
  "FAILED /clients/c-013?_rsc=1k2so net::ERR_ABORTED",
  "FAILED /clients/c-030?_rsc=1k2so net::ERR_ABORTED",
  "FAILED /clients/c-001?_rsc=1k2so net::ERR_ABORTED",
  "FAILED /clients/c-027?_rsc=1k2so net::ERR_ABORTED",
  "FAILED /clients/c-028?_rsc=1w80j net::ERR_ABORTED",
  "FAILED /clients/c-097?_rsc=1w80j net::ERR_ABORTED",
  "FAILED /clients/c-021?_rsc=1uolj net::ERR_ABORTED",
  "FAILED /clients/c-330?_rsc=1uolj net::ERR_ABORTED",
  "FAILED /clients/c-266?_rsc=1uolj net::ERR_ABORTED",
  "FAILED /clients/c-173?_rsc=bvd4h net::ERR_ABORTED",
  "FAILED /clients/c-011?_rsc=bvd4h net::ERR_ABORTED",
  "FAILED /clients/c-020?_rsc=2u8q6 net::ERR_ABORTED",
  "FAILED /clients/c-009?_rsc=2u8q6 net::ERR_ABORTED",
  "FAILED /clients/c-150?_rsc=bvd4h net::ERR_ABORTED",
  "FAILED /clients/c-443?_rsc=bvd4h net::ERR_ABORTED",
  "FAILED /clients/c-105?_rsc=1k2so net::ERR_ABORTED",
  "FAILED /clients/c-080?_rsc=wo1mq net::ERR_ABORTED",
  "FAILED /clients/c-025?_rsc=wo1mq net::ERR_ABORTED",
  "FAILED /clients/c-047?_rsc=wo1mq net::ERR_ABORTED"
]
